Using pre-set license
Built from '2020.3/staging' branch; Version is '2020.3.5f1 (8095aa901b9b) revision 8426922'; Using compiler version '192528614'; Build Type 'Release'
OS: 'Windows 10 Pro; OS build 19042.1052; Version 2009; 64bit' Language: 'ko' Physical Memory: 12245 MB
BatchMode: 1, IsHumanControllingUs: 0, StartBugReporterOnCrash: 0, Is64bit: 1, IsPro: 0

 COMMAND LINE ARGUMENTS:
C:\Program Files\Unity\Hub\Editor\2020.3.5f1\Editor\Unity.exe
-adb2
-batchMode
-noUpm
-name
AssetImportWorker0
-projectPath
C:/Users/6500/Desktop/game/Clicker
-logFile
Logs/AssetImportWorker0.log
-srvPort
13064
Successfully changed project path to: C:/Users/6500/Desktop/game/Clicker
C:/Users/6500/Desktop/game/Clicker
Using Asset Import Pipeline V2.
Refreshing native plugins compatible for Editor in 42.77 ms, found 1 plugins.
Preloading 0 native plugins for Editor in 0.00 ms.
Initialize engine version: 2020.3.5f1 (8095aa901b9b)
[Subsystems] Discovering subsystems at path C:/Program Files/Unity/Hub/Editor/2020.3.5f1/Editor/Data/Resources/UnitySubsystems
[Subsystems] Discovering subsystems at path C:/Users/6500/Desktop/game/Clicker/Assets
GfxDevice: creating device client; threaded=0
Direct3D:
    Version:  Direct3D 11.0 [level 11.1]
    Renderer: NVIDIA GeForce GTX 1660 SUPER (ID=0x21c4)
    Vendor:   
    VRAM:     5991 MB
    Driver:   27.21.14.5671
Initialize mono
Mono path[0] = 'C:/Program Files/Unity/Hub/Editor/2020.3.5f1/Editor/Data/Managed'
Mono path[1] = 'C:/Program Files/Unity/Hub/Editor/2020.3.5f1/Editor/Data/MonoBleedingEdge/lib/mono/unityjit'
Mono config path = 'C:/Program Files/Unity/Hub/Editor/2020.3.5f1/Editor/Data/MonoBleedingEdge/etc'
Using monoOptions --debugger-agent=transport=dt_socket,embedding=1,server=y,suspend=n,address=127.0.0.1:56552
Begin MonoManager ReloadAssembly
Registering precompiled unity dll's ...
Register platform support module: C:/Program Files/Unity/Hub/Editor/2020.3.5f1/Editor/Data/PlaybackEngines/WindowsStandaloneSupport/UnityEditor.WindowsStandalone.Extensions.dll
Registered in 0.002782 seconds.
Native extension for WindowsStandalone target not found
Refreshing native plugins compatible for Editor in 42.67 ms, found 1 plugins.
Preloading 0 native plugins for Editor in 0.00 ms.
Mono: successfully reloaded assembly
- Completed reload, in  1.549 seconds
Platform modules already initialized, skipping
Registering precompiled user dll's ...
Registered in 0.001441 seconds.
Begin MonoManager ReloadAssembly
Native extension for WindowsStandalone target not found
Refreshing native plugins compatible for Editor in 38.18 ms, found 1 plugins.
Preloading 0 native plugins for Editor in 0.00 ms.
Mono: successfully reloaded assembly
- Completed reload, in  1.063 seconds
Platform modules already initialized, skipping
========================================================================
Worker process is ready to serve import requests
Launched and connected shader compiler UnityShaderCompiler.exe after 0.06 seconds
Refreshing native plugins compatible for Editor in 0.39 ms, found 1 plugins.
Preloading 0 native plugins for Editor in 0.00 ms.
Unloading 1808 Unused Serialized files (Serialized files now loaded: 0)
System memory in use before: 87.5 MB.
System memory in use after: 87.4 MB.

Unloading 24 unused Assets to reduce memory usage. Loaded Objects now: 2251.
Total: 2.727400 ms (FindLiveObjects: 0.389900 ms CreateObjectMapping: 0.198800 ms MarkObjects: 1.977200 ms  DeleteObjects: 0.155800 ms)

========================================================================
Received Import Request.
  path: Assets/background.png
  artifactKey: Guid(e5e5e9d9062c0554fb000f172c8dca0f) Importer(815301076,1909f56bfc062723c751e8b465ee728b)
Start importing Assets/background.png using Guid(e5e5e9d9062c0554fb000f172c8dca0f) Importer(815301076,1909f56bfc062723c751e8b465ee728b)  -> (artifact id: '29ea63df0d5aab3b8df332ab77553812') in 0.164847 seconds
  Import took 0.167980 seconds .

========================================================================
Received Import Request.
  Time since last request: 209.960356 seconds.
  path: Assets/Scenes
  artifactKey: Guid(56347ae4cb161544186d88db683da5d2) Importer(815301076,1909f56bfc062723c751e8b465ee728b)
Start importing Assets/Scenes using Guid(56347ae4cb161544186d88db683da5d2) Importer(815301076,1909f56bfc062723c751e8b465ee728b)  -> (artifact id: '8349fa1e7d07ce381ef47359ee92ecf3') in 0.010764 seconds
  Import took 0.014281 seconds .

========================================================================
Received Import Request.
  Time since last request: 0.637305 seconds.
  path: Assets/animation
  artifactKey: Guid(38c0380ccfa4e2741be346239727b82f) Importer(815301076,1909f56bfc062723c751e8b465ee728b)
Start importing Assets/animation using Guid(38c0380ccfa4e2741be346239727b82f) Importer(815301076,1909f56bfc062723c751e8b465ee728b)  -> (artifact id: '57d3d5815537f794bcdcab2a87dffb71') in 0.008378 seconds
  Import took 0.011622 seconds .

========================================================================
Received Import Request.
  Time since last request: 0.048165 seconds.
  path: Assets/animation/set01.psd
  artifactKey: Guid(fb2545db5a83dc7489d3183b47a70862) Importer(815301076,1909f56bfc062723c751e8b465ee728b)
Start importing Assets/animation/set01.psd using Guid(fb2545db5a83dc7489d3183b47a70862) Importer(815301076,1909f56bfc062723c751e8b465ee728b)  -> (artifact id: 'f879664b903afb91f25e58302dd1a6b0') in 0.023160 seconds
  Import took 0.026574 seconds .

========================================================================
Received Import Request.
  Time since last request: 0.000353 seconds.
  path: Assets/animation/set03.psd
  artifactKey: Guid(81748bc690e9c9e4fa5ebdb676d66757) Importer(815301076,1909f56bfc062723c751e8b465ee728b)
Start importing Assets/animation/set03.psd using Guid(81748bc690e9c9e4fa5ebdb676d66757) Importer(815301076,1909f56bfc062723c751e8b465ee728b)  -> (artifact id: 'bb18bb6b2a7c843cb30460a2d4e4cf9c') in 0.025130 seconds
  Import took 0.028197 seconds .

========================================================================
Received Import Request.
  Time since last request: 0.000275 seconds.
  path: Assets/animation/set02.psd
  artifactKey: Guid(bc676c2476fde9640bf6f06831704fb1) Importer(815301076,1909f56bfc062723c751e8b465ee728b)
Start importing Assets/animation/set02.psd using Guid(bc676c2476fde9640bf6f06831704fb1) Importer(815301076,1909f56bfc062723c751e8b465ee728b)  -> (artifact id: '9d77312805403d6c05a819c05449f1b7') in 0.024705 seconds
  Import took 0.027859 seconds .

========================================================================
Received Import Request.
  Time since last request: 0.000297 seconds.
  path: Assets/animation/set01_1.psd
  artifactKey: Guid(1b2276e9d08d60749ae33ebede750bca) Importer(815301076,1909f56bfc062723c751e8b465ee728b)
Start importing Assets/animation/set01_1.psd using Guid(1b2276e9d08d60749ae33ebede750bca) Importer(815301076,1909f56bfc062723c751e8b465ee728b)  -> (artifact id: '677dacd3796e73bc35ad3628e3d25195') in 0.023590 seconds
  Import took 0.026756 seconds .

========================================================================
Received Import Request.
  Time since last request: 0.001216 seconds.
  path: Assets/animation/set01_1.psd
  artifactKey: Guid(1b2276e9d08d60749ae33ebede750bca) Importer(815301076,1909f56bfc062723c751e8b465ee728b)
Start importing Assets/animation/set01_1.psd using Guid(1b2276e9d08d60749ae33ebede750bca) Importer(815301076,1909f56bfc062723c751e8b465ee728b)  -> (artifact id: '677dacd3796e73bc35ad3628e3d25195') in 0.018623 seconds
  Import took 0.022532 seconds .

========================================================================
Received Import Request.
  Time since last request: 138.775878 seconds.
  path: Assets/animation/set02.controller
  artifactKey: Guid(18136589e38d2bc4a9916665cc17acf0) Importer(815301076,1909f56bfc062723c751e8b465ee728b)
Start importing Assets/animation/set02.controller using Guid(18136589e38d2bc4a9916665cc17acf0) Importer(815301076,1909f56bfc062723c751e8b465ee728b)  -> (artifact id: 'cd5ed93e826e461924d23f8a13d3150e') in 0.009834 seconds
  Import took 0.013716 seconds .

========================================================================
Received Import Request.
  Time since last request: 72.377442 seconds.
  path: Assets/animation/idle.anim
  artifactKey: Guid(529b9eff56c75ad46b1f4831dcae5d55) Importer(815301076,1909f56bfc062723c751e8b465ee728b)
Start importing Assets/animation/idle.anim using Guid(529b9eff56c75ad46b1f4831dcae5d55) Importer(815301076,1909f56bfc062723c751e8b465ee728b)  -> (artifact id: '3c656bfd4df91cda1dee04839fbc56ec') in 0.013610 seconds
  Import took 0.017530 seconds .

========================================================================
Received Import Request.
  Time since last request: 205.345231 seconds.
  path: Assets/animation/Idle.anim
  artifactKey: Guid(529b9eff56c75ad46b1f4831dcae5d55) Importer(815301076,1909f56bfc062723c751e8b465ee728b)
Start importing Assets/animation/Idle.anim using Guid(529b9eff56c75ad46b1f4831dcae5d55) Importer(815301076,1909f56bfc062723c751e8b465ee728b)  -> (artifact id: 'd24e9d9af731099ddc3e78adc0b4672d') in 0.011395 seconds
  Import took 0.015030 seconds .

========================================================================
Received Import Request.
  Time since last request: 0.001240 seconds.
  path: Assets/animation/Idle.anim
  artifactKey: Guid(529b9eff56c75ad46b1f4831dcae5d55) Importer(815301076,1909f56bfc062723c751e8b465ee728b)
Start importing Assets/animation/Idle.anim using Guid(529b9eff56c75ad46b1f4831dcae5d55) Importer(815301076,1909f56bfc062723c751e8b465ee728b)  -> (artifact id: 'd24e9d9af731099ddc3e78adc0b4672d') in 0.004518 seconds
  Import took 0.008223 seconds .

========================================================================
Received Import Request.
  Time since last request: 1.186336 seconds.
  path: Assets/animation/set01.controller
  artifactKey: Guid(2dcec5df6941f944da3ef64710728d90) Importer(815301076,1909f56bfc062723c751e8b465ee728b)
Start importing Assets/animation/set01.controller using Guid(2dcec5df6941f944da3ef64710728d90) Importer(815301076,1909f56bfc062723c751e8b465ee728b)  -> (artifact id: '0beca8e188138b1a993d3946e52eb079') in 0.008706 seconds
  Import took 0.013122 seconds .

========================================================================
Received Import Request.
  Time since last request: 137.131920 seconds.
  path: Assets/animation/set03.controller
  artifactKey: Guid(5db24bb2de17bdb4bb3b60dbb8bef213) Importer(815301076,1909f56bfc062723c751e8b465ee728b)
Start importing Assets/animation/set03.controller using Guid(5db24bb2de17bdb4bb3b60dbb8bef213) Importer(815301076,1909f56bfc062723c751e8b465ee728b)  -> (artifact id: '8e178d62d4ca68163929a09c913487a5') in 0.006002 seconds
  Import took 0.009538 seconds .

========================================================================
Received Import Request.
  Time since last request: 0.000753 seconds.
  path: Assets/animation/set03.controller
  artifactKey: Guid(5db24bb2de17bdb4bb3b60dbb8bef213) Importer(815301076,1909f56bfc062723c751e8b465ee728b)
Start importing Assets/animation/set03.controller using Guid(5db24bb2de17bdb4bb3b60dbb8bef213) Importer(815301076,1909f56bfc062723c751e8b465ee728b)  -> (artifact id: '8e178d62d4ca68163929a09c913487a5') in 0.004566 seconds
  Import took 0.009282 seconds .

========================================================================
Received Import Request.
  Time since last request: 22.167553 seconds.
  path: Assets/animation/CharacterAnimController.controller
  artifactKey: Guid(2dcec5df6941f944da3ef64710728d90) Importer(815301076,1909f56bfc062723c751e8b465ee728b)
Start importing Assets/animation/CharacterAnimController.controller using Guid(2dcec5df6941f944da3ef64710728d90) Importer(815301076,1909f56bfc062723c751e8b465ee728b)  -> (artifact id: '449b0f7f9bee585d12b94105914a0e75') in 0.009435 seconds
  Import took 0.013107 seconds .

========================================================================
Received Import Request.
  Time since last request: 20.598047 seconds.
  path: Packages/com.unity.2d.animation
  artifactKey: Guid(bb5c94055a953b6081dfc49350569eb1) Importer(815301076,1909f56bfc062723c751e8b465ee728b)
Start importing Packages/com.unity.2d.animation using Guid(bb5c94055a953b6081dfc49350569eb1) Importer(815301076,1909f56bfc062723c751e8b465ee728b)  -> (artifact id: '15a78847ca13b763deeb7ae417c6ea19') in 0.007979 seconds
  Import took 0.011207 seconds .

========================================================================
Received Import Request.
  Time since last request: 0.080607 seconds.
  path: Packages/com.unity.2d.animation/package.json
  artifactKey: Guid(9e83c20a8293f44ec8a375d3805f477d) Importer(815301076,1909f56bfc062723c751e8b465ee728b)
Start importing Packages/com.unity.2d.animation/package.json using Guid(9e83c20a8293f44ec8a375d3805f477d) Importer(815301076,1909f56bfc062723c751e8b465ee728b)  -> (artifact id: 'ad33a374b3141811b1fa442c6a39f2a5') in 0.025479 seconds
  Import took 0.028892 seconds .

========================================================================
Received Prepare
Registering precompiled user dll's ...
Registered in 0.001307 seconds.
Begin MonoManager ReloadAssembly
Native extension for WindowsStandalone target not found
Refreshing native plugins compatible for Editor in 0.33 ms, found 1 plugins.
Preloading 0 native plugins for Editor in 0.00 ms.
Mono: successfully reloaded assembly
- Completed reload, in  1.101 seconds
Platform modules already initialized, skipping
Refreshing native plugins compatible for Editor in 0.34 ms, found 1 plugins.
Preloading 0 native plugins for Editor in 0.00 ms.
Unloading 1804 Unused Serialized files (Serialized files now loaded: 0)
System memory in use before: 90.6 MB.
System memory in use after: 90.5 MB.

Unloading 12 unused Assets to reduce memory usage. Loaded Objects now: 2264.
Total: 2.743000 ms (FindLiveObjects: 0.210700 ms CreateObjectMapping: 0.054900 ms MarkObjects: 2.327200 ms  DeleteObjects: 0.148400 ms)

========================================================================
Received Prepare
Registering precompiled user dll's ...
Registered in 0.003094 seconds.
Begin MonoManager ReloadAssembly
Native extension for WindowsStandalone target not found
Refreshing native plugins compatible for Editor in 0.38 ms, found 1 plugins.
Preloading 0 native plugins for Editor in 0.00 ms.
Mono: successfully reloaded assembly
- Completed reload, in  0.999 seconds
Platform modules already initialized, skipping
Refreshing native plugins compatible for Editor in 0.38 ms, found 1 plugins.
Preloading 0 native plugins for Editor in 0.00 ms.
Unloading 1804 Unused Serialized files (Serialized files now loaded: 0)
System memory in use before: 90.6 MB.
System memory in use after: 90.6 MB.

Unloading 12 unused Assets to reduce memory usage. Loaded Objects now: 2268.
Total: 2.173700 ms (FindLiveObjects: 0.259800 ms CreateObjectMapping: 0.070500 ms MarkObjects: 1.689100 ms  DeleteObjects: 0.153200 ms)

========================================================================
Received Import Request.
  Time since last request: 653.845502 seconds.
  path: Assets/animation/Work.anim
  artifactKey: Guid(a7db2a8443c4b0c47a6164ccfa5b7627) Importer(815301076,1909f56bfc062723c751e8b465ee728b)
Start importing Assets/animation/Work.anim using Guid(a7db2a8443c4b0c47a6164ccfa5b7627) Importer(815301076,1909f56bfc062723c751e8b465ee728b)  -> (artifact id: 'd28283b3bdcc6be736a3b951272314a6') in 0.022357 seconds
  Import took 0.025931 seconds .

========================================================================
Received Prepare
Registering precompiled user dll's ...
Registered in 0.001527 seconds.
Begin MonoManager ReloadAssembly
Native extension for WindowsStandalone target not found
Refreshing native plugins compatible for Editor in 0.37 ms, found 1 plugins.
Preloading 0 native plugins for Editor in 0.00 ms.
Mono: successfully reloaded assembly
- Completed reload, in  1.156 seconds
Platform modules already initialized, skipping
Refreshing native plugins compatible for Editor in 0.36 ms, found 1 plugins.
Preloading 0 native plugins for Editor in 0.00 ms.
Unloading 1804 Unused Serialized files (Serialized files now loaded: 0)
System memory in use before: 90.6 MB.
System memory in use after: 90.6 MB.

Unloading 12 unused Assets to reduce memory usage. Loaded Objects now: 2272.
Total: 2.562100 ms (FindLiveObjects: 0.366200 ms CreateObjectMapping: 0.163700 ms MarkObjects: 1.884200 ms  DeleteObjects: 0.147000 ms)

========================================================================
Received Prepare
Registering precompiled user dll's ...
Registered in 0.002139 seconds.
Begin MonoManager ReloadAssembly
Native extension for WindowsStandalone target not found
Refreshing native plugins compatible for Editor in 0.40 ms, found 1 plugins.
Preloading 0 native plugins for Editor in 0.00 ms.
Mono: successfully reloaded assembly
- Completed reload, in  1.168 seconds
Platform modules already initialized, skipping
Refreshing native plugins compatible for Editor in 0.35 ms, found 1 plugins.
Preloading 0 native plugins for Editor in 0.00 ms.
Unloading 1804 Unused Serialized files (Serialized files now loaded: 0)
System memory in use before: 90.7 MB.
System memory in use after: 90.6 MB.

Unloading 12 unused Assets to reduce memory usage. Loaded Objects now: 2276.
Total: 2.361300 ms (FindLiveObjects: 0.324900 ms CreateObjectMapping: 0.078700 ms MarkObjects: 1.810600 ms  DeleteObjects: 0.145900 ms)

========================================================================
Received Prepare
Registering precompiled user dll's ...
Registered in 0.001844 seconds.
Begin MonoManager ReloadAssembly
Native extension for WindowsStandalone target not found
Refreshing native plugins compatible for Editor in 0.38 ms, found 1 plugins.
Preloading 0 native plugins for Editor in 0.00 ms.
Mono: successfully reloaded assembly
- Completed reload, in  1.175 seconds
Platform modules already initialized, skipping
Refreshing native plugins compatible for Editor in 0.36 ms, found 1 plugins.
Preloading 0 native plugins for Editor in 0.00 ms.
Unloading 1804 Unused Serialized files (Serialized files now loaded: 0)
System memory in use before: 90.7 MB.
System memory in use after: 90.6 MB.

Unloading 12 unused Assets to reduce memory usage. Loaded Objects now: 2280.
Total: 1.961400 ms (FindLiveObjects: 0.200400 ms CreateObjectMapping: 0.071900 ms MarkObjects: 1.572500 ms  DeleteObjects: 0.115400 ms)

========================================================================
Received Prepare
Registering precompiled user dll's ...
Registered in 0.001271 seconds.
Begin MonoManager ReloadAssembly
Native extension for WindowsStandalone target not found
Refreshing native plugins compatible for Editor in 0.37 ms, found 1 plugins.
Preloading 0 native plugins for Editor in 0.00 ms.
Mono: successfully reloaded assembly
- Completed reload, in  1.161 seconds
Platform modules already initialized, skipping
Refreshing native plugins compatible for Editor in 0.34 ms, found 1 plugins.
Preloading 0 native plugins for Editor in 0.00 ms.
Unloading 1804 Unused Serialized files (Serialized files now loaded: 0)
System memory in use before: 90.7 MB.
System memory in use after: 90.7 MB.

Unloading 12 unused Assets to reduce memory usage. Loaded Objects now: 2284.
Total: 2.375000 ms (FindLiveObjects: 0.261600 ms CreateObjectMapping: 0.108800 ms MarkObjects: 1.856800 ms  DeleteObjects: 0.146500 ms)

========================================================================
Received Prepare
Registering precompiled user dll's ...
Registered in 0.001376 seconds.
Begin MonoManager ReloadAssembly
Native extension for WindowsStandalone target not found
Refreshing native plugins compatible for Editor in 0.43 ms, found 1 plugins.
Preloading 0 native plugins for Editor in 0.00 ms.
Mono: successfully reloaded assembly
- Completed reload, in  1.038 seconds
Platform modules already initialized, skipping
Refreshing native plugins compatible for Editor in 0.43 ms, found 1 plugins.
Preloading 0 native plugins for Editor in 0.00 ms.
Unloading 1804 Unused Serialized files (Serialized files now loaded: 0)
System memory in use before: 90.7 MB.
System memory in use after: 90.7 MB.

Unloading 12 unused Assets to reduce memory usage. Loaded Objects now: 2288.
Total: 2.186600 ms (FindLiveObjects: 0.204700 ms CreateObjectMapping: 0.071100 ms MarkObjects: 1.759600 ms  DeleteObjects: 0.149600 ms)

========================================================================
Received Import Request.
  Time since last request: 167.049883 seconds.
  path: Assets/animation/EmployeeAnimController.controller
  artifactKey: Guid(0dfcdc8085b19c246baeca3e165f828c) Importer(815301076,1909f56bfc062723c751e8b465ee728b)
Start importing Assets/animation/EmployeeAnimController.controller using Guid(0dfcdc8085b19c246baeca3e165f828c) Importer(815301076,1909f56bfc062723c751e8b465ee728b)  -> (artifact id: 'dc7ad90d77c2b98ad4fe923550c786d4') in 0.021326 seconds
  Import took 0.025502 seconds .

========================================================================
Received Prepare
Registering precompiled user dll's ...
Registered in 0.001392 seconds.
Begin MonoManager ReloadAssembly
Native extension for WindowsStandalone target not found
Refreshing native plugins compatible for Editor in 0.35 ms, found 1 plugins.
Preloading 0 native plugins for Editor in 0.00 ms.
Mono: successfully reloaded assembly
- Completed reload, in  1.101 seconds
Platform modules already initialized, skipping
Refreshing native plugins compatible for Editor in 0.34 ms, found 1 plugins.
Preloading 0 native plugins for Editor in 0.00 ms.
Unloading 1804 Unused Serialized files (Serialized files now loaded: 0)
System memory in use before: 90.7 MB.
System memory in use after: 90.7 MB.

Unloading 12 unused Assets to reduce memory usage. Loaded Objects now: 2292.
Total: 2.263100 ms (FindLiveObjects: 0.266300 ms CreateObjectMapping: 0.079000 ms MarkObjects: 1.746500 ms  DeleteObjects: 0.152600 ms)

========================================================================
Received Prepare
Registering precompiled user dll's ...
Registered in 0.001558 seconds.
Begin MonoManager ReloadAssembly
Native extension for WindowsStandalone target not found
Refreshing native plugins compatible for Editor in 0.36 ms, found 1 plugins.
Preloading 0 native plugins for Editor in 0.00 ms.
Mono: successfully reloaded assembly
- Completed reload, in  1.164 seconds
Platform modules already initialized, skipping
Refreshing native plugins compatible for Editor in 0.33 ms, found 1 plugins.
Preloading 0 native plugins for Editor in 0.00 ms.
Unloading 1804 Unused Serialized files (Serialized files now loaded: 0)
System memory in use before: 90.7 MB.
System memory in use after: 90.7 MB.

Unloading 12 unused Assets to reduce memory usage. Loaded Objects now: 2296.
Total: 2.335900 ms (FindLiveObjects: 0.350900 ms CreateObjectMapping: 0.096600 ms MarkObjects: 1.734500 ms  DeleteObjects: 0.152700 ms)

========================================================================
Received Import Request.
  Time since last request: 159.764165 seconds.
  path: Assets
  artifactKey: Guid(00000000000000001000000000000000) Importer(815301076,1909f56bfc062723c751e8b465ee728b)
Start importing Assets using Guid(00000000000000001000000000000000) Importer(815301076,1909f56bfc062723c751e8b465ee728b)  -> (artifact id: '2eabe5bc132ca100491e04385f7e8471') in 0.011263 seconds
  Import took 0.014616 seconds .

========================================================================
Received Import Request.
  Time since last request: 11.204234 seconds.
  path: Assets/AutoWork.cs
  artifactKey: Guid(deaad23904a2a3d4b9c3975f90cbb683) Importer(815301076,1909f56bfc062723c751e8b465ee728b)
Start importing Assets/AutoWork.cs using Guid(deaad23904a2a3d4b9c3975f90cbb683) Importer(815301076,1909f56bfc062723c751e8b465ee728b)  -> (artifact id: 'b691661fd25143d851db34d8ead57f1b') in 0.016595 seconds
  Import took 0.020700 seconds .

========================================================================
Received Import Request.
  Time since last request: 0.001230 seconds.
  path: Assets/AutoWork.cs
  artifactKey: Guid(deaad23904a2a3d4b9c3975f90cbb683) Importer(815301076,1909f56bfc062723c751e8b465ee728b)
Start importing Assets/AutoWork.cs using Guid(deaad23904a2a3d4b9c3975f90cbb683) Importer(815301076,1909f56bfc062723c751e8b465ee728b)  -> (artifact id: 'b691661fd25143d851db34d8ead57f1b') in 0.005667 seconds
  Import took 0.009366 seconds .

========================================================================
Received Prepare
Registering precompiled user dll's ...
Registered in 0.001217 seconds.
Begin MonoManager ReloadAssembly
Native extension for WindowsStandalone target not found
Refreshing native plugins compatible for Editor in 0.38 ms, found 1 plugins.
Preloading 0 native plugins for Editor in 0.00 ms.
Mono: successfully reloaded assembly
- Completed reload, in  1.140 seconds
Platform modules already initialized, skipping
Refreshing native plugins compatible for Editor in 0.34 ms, found 1 plugins.
Preloading 0 native plugins for Editor in 0.00 ms.
Unloading 1805 Unused Serialized files (Serialized files now loaded: 0)
System memory in use before: 90.7 MB.
System memory in use after: 90.7 MB.

Unloading 12 unused Assets to reduce memory usage. Loaded Objects now: 2301.
Total: 2.437000 ms (FindLiveObjects: 0.194800 ms CreateObjectMapping: 0.121500 ms MarkObjects: 1.980600 ms  DeleteObjects: 0.138600 ms)

========================================================================
Received Prepare
Registering precompiled user dll's ...
Registered in 0.001298 seconds.
Begin MonoManager ReloadAssembly
Native extension for WindowsStandalone target not found
Refreshing native plugins compatible for Editor in 0.33 ms, found 1 plugins.
Preloading 0 native plugins for Editor in 0.00 ms.
Mono: successfully reloaded assembly
- Completed reload, in  0.946 seconds
Platform modules already initialized, skipping
Refreshing native plugins compatible for Editor in 0.38 ms, found 1 plugins.
Preloading 0 native plugins for Editor in 0.00 ms.
Unloading 1805 Unused Serialized files (Serialized files now loaded: 0)
System memory in use before: 90.8 MB.
System memory in use after: 90.7 MB.

Unloading 12 unused Assets to reduce memory usage. Loaded Objects now: 2305.
Total: 2.711400 ms (FindLiveObjects: 0.308600 ms CreateObjectMapping: 0.060000 ms MarkObjects: 2.131900 ms  DeleteObjects: 0.209500 ms)

========================================================================
Received Prepare
Registering precompiled user dll's ...
Registered in 0.001352 seconds.
Begin MonoManager ReloadAssembly
Native extension for WindowsStandalone target not found
Refreshing native plugins compatible for Editor in 0.40 ms, found 1 plugins.
Preloading 0 native plugins for Editor in 0.00 ms.
Mono: successfully reloaded assembly
- Completed reload, in  1.122 seconds
Platform modules already initialized, skipping
Refreshing native plugins compatible for Editor in 0.42 ms, found 1 plugins.
Preloading 0 native plugins for Editor in 0.00 ms.
Unloading 1805 Unused Serialized files (Serialized files now loaded: 0)
System memory in use before: 90.8 MB.
System memory in use after: 90.7 MB.

Unloading 12 unused Assets to reduce memory usage. Loaded Objects now: 2309.
Total: 2.332900 ms (FindLiveObjects: 0.353500 ms CreateObjectMapping: 0.093400 ms MarkObjects: 1.687900 ms  DeleteObjects: 0.196700 ms)

========================================================================
Received Import Request.
  Time since last request: 232.146056 seconds.
  path: Assets/Employee.prefab
  artifactKey: Guid(50a8233ea9ceccf4381d979830395523) Importer(815301076,1909f56bfc062723c751e8b465ee728b)
Start importing Assets/Employee.prefab using Guid(50a8233ea9ceccf4381d979830395523) Importer(815301076,1909f56bfc062723c751e8b465ee728b) The Animator Controller (EmployeeAnimController) you have used is not valid. Animations will not play
UnityEngine.StackTraceUtility:ExtractStackTrace ()
UnityEditor.EditorUtility:Internal_InstantiateRemoveAllNonAnimationComponentsSingle (UnityEngine.Object,UnityEngine.Vector3,UnityEngine.Quaternion)
UnityEditor.EditorUtility:InstantiateRemoveAllNonAnimationComponents (UnityEngine.Object,UnityEngine.Vector3,UnityEngine.Quaternion)
UnityEditor.EditorUtility:InstantiateForAnimatorPreview (UnityEngine.Object)
UnityEditor.GameObjectInspector/PreviewData:UpdateGameObject (UnityEngine.Object)
UnityEditor.GameObjectInspector/PreviewData:.ctor (UnityEngine.Object)
UnityEditor.GameObjectInspector:GetPreviewData ()
UnityEditor.GameObjectInspector:RenderStaticPreview (string,UnityEngine.Object[],int,int)
UnityEditor.AssetPreviewUpdater:CreatePreviewForAsset (UnityEngine.Object,UnityEngine.Object[],string)

[C:\buildslave\unity\build\Modules/Animation/Director/AnimatorControllerPlayable.cpp line 333]

The Animator Controller (EmployeeAnimController) you have used is not valid. Animations will not play
UnityEngine.StackTraceUtility:ExtractStackTrace ()
UnityEditor.EditorUtility:InitInstantiatedPreviewRecursive (UnityEngine.GameObject)
UnityEditor.EditorUtility:InstantiateForAnimatorPreview (UnityEngine.Object)
UnityEditor.GameObjectInspector/PreviewData:UpdateGameObject (UnityEngine.Object)
UnityEditor.GameObjectInspector/PreviewData:.ctor (UnityEngine.Object)
UnityEditor.GameObjectInspector:GetPreviewData ()
UnityEditor.GameObjectInspector:RenderStaticPreview (string,UnityEngine.Object[],int,int)
UnityEditor.AssetPreviewUpdater:CreatePreviewForAsset (UnityEngine.Object,UnityEngine.Object[],string)

[C:\buildslave\unity\build\Modules/Animation/Director/AnimatorControllerPlayable.cpp line 333]

 -> (artifact id: '31d5f2b85b5997af5d35841f6b273710') in 0.079677 seconds
  Import took 0.083272 seconds .

========================================================================
Received Import Request.
  Time since last request: 140.967661 seconds.
  path: Assets/GameManager.cs
  artifactKey: Guid(7fd82a6b8a3f576418c487d3ffddbb41) Importer(815301076,1909f56bfc062723c751e8b465ee728b)
Start importing Assets/GameManager.cs using Guid(7fd82a6b8a3f576418c487d3ffddbb41) Importer(815301076,1909f56bfc062723c751e8b465ee728b)  -> (artifact id: '088b7e93f3b46b285c8e05e2cdb2270d') in 0.012490 seconds
  Import took 0.016021 seconds .

========================================================================
Received Import Request.
  Time since last request: 0.096785 seconds.
  path: Assets/GameManager.cs
  artifactKey: Guid(7fd82a6b8a3f576418c487d3ffddbb41) Importer(815301076,1909f56bfc062723c751e8b465ee728b)
Start importing Assets/GameManager.cs using Guid(7fd82a6b8a3f576418c487d3ffddbb41) Importer(815301076,1909f56bfc062723c751e8b465ee728b)  -> (artifact id: '088b7e93f3b46b285c8e05e2cdb2270d') in 0.007941 seconds
  Import took 0.018518 seconds .

========================================================================
Received Prepare
Registering precompiled user dll's ...
Registered in 0.001270 seconds.
Begin MonoManager ReloadAssembly
Native extension for WindowsStandalone target not found
Refreshing native plugins compatible for Editor in 0.39 ms, found 1 plugins.
Preloading 0 native plugins for Editor in 0.00 ms.
Mono: successfully reloaded assembly
- Completed reload, in  0.933 seconds
Platform modules already initialized, skipping
Refreshing native plugins compatible for Editor in 0.33 ms, found 1 plugins.
Preloading 0 native plugins for Editor in 0.00 ms.
Unloading 1806 Unused Serialized files (Serialized files now loaded: 0)
System memory in use before: 91.0 MB.
System memory in use after: 90.9 MB.

Unloading 12 unused Assets to reduce memory usage. Loaded Objects now: 2318.
Total: 3.072300 ms (FindLiveObjects: 0.332100 ms CreateObjectMapping: 0.133200 ms MarkObjects: 2.485500 ms  DeleteObjects: 0.120300 ms)

========================================================================
Received Prepare
Registering precompiled user dll's ...
Registered in 0.001359 seconds.
Begin MonoManager ReloadAssembly
Native extension for WindowsStandalone target not found
Refreshing native plugins compatible for Editor in 0.35 ms, found 1 plugins.
Preloading 0 native plugins for Editor in 0.00 ms.
Mono: successfully reloaded assembly
- Completed reload, in  1.131 seconds
Platform modules already initialized, skipping
Refreshing native plugins compatible for Editor in 0.37 ms, found 1 plugins.
Preloading 0 native plugins for Editor in 0.00 ms.
Unloading 1806 Unused Serialized files (Serialized files now loaded: 0)
System memory in use before: 91.0 MB.
System memory in use after: 90.9 MB.

Unloading 12 unused Assets to reduce memory usage. Loaded Objects now: 2322.
Total: 2.041600 ms (FindLiveObjects: 0.212000 ms CreateObjectMapping: 0.083100 ms MarkObjects: 1.621400 ms  DeleteObjects: 0.124200 ms)

========================================================================
Received Prepare
Registering precompiled user dll's ...
Registered in 0.001553 seconds.
Begin MonoManager ReloadAssembly
Native extension for WindowsStandalone target not found
Refreshing native plugins compatible for Editor in 0.36 ms, found 1 plugins.
Preloading 0 native plugins for Editor in 0.00 ms.
Mono: successfully reloaded assembly
- Completed reload, in  1.151 seconds
Platform modules already initialized, skipping
Refreshing native plugins compatible for Editor in 0.43 ms, found 1 plugins.
Preloading 0 native plugins for Editor in 0.00 ms.
Unloading 1806 Unused Serialized files (Serialized files now loaded: 0)
System memory in use before: 91.0 MB.
System memory in use after: 91.0 MB.

Unloading 12 unused Assets to reduce memory usage. Loaded Objects now: 2326.
Total: 2.497200 ms (FindLiveObjects: 0.249200 ms CreateObjectMapping: 0.109300 ms MarkObjects: 2.016100 ms  DeleteObjects: 0.120900 ms)

========================================================================
Received Prepare
Registering precompiled user dll's ...
Registered in 0.001784 seconds.
Begin MonoManager ReloadAssembly
Native extension for WindowsStandalone target not found
Refreshing native plugins compatible for Editor in 0.35 ms, found 1 plugins.
Preloading 0 native plugins for Editor in 0.00 ms.
Mono: successfully reloaded assembly
- Completed reload, in  1.120 seconds
Platform modules already initialized, skipping
Refreshing native plugins compatible for Editor in 0.33 ms, found 1 plugins.
Preloading 0 native plugins for Editor in 0.00 ms.
Unloading 1806 Unused Serialized files (Serialized files now loaded: 0)
System memory in use before: 91.0 MB.
System memory in use after: 91.0 MB.

Unloading 12 unused Assets to reduce memory usage. Loaded Objects now: 2330.
Total: 2.226600 ms (FindLiveObjects: 0.196700 ms CreateObjectMapping: 0.082200 ms MarkObjects: 1.769000 ms  DeleteObjects: 0.177100 ms)

========================================================================
Received Import Request.
  Time since last request: 2529.350206 seconds.
  path: Assets/MoneyMove.cs
  artifactKey: Guid(795342e81056cd0448622bb7b14bda87) Importer(815301076,1909f56bfc062723c751e8b465ee728b)
Start importing Assets/MoneyMove.cs using Guid(795342e81056cd0448622bb7b14bda87) Importer(815301076,1909f56bfc062723c751e8b465ee728b)  -> (artifact id: 'be4b7316478b0cff26b2df1c33209edf') in 0.020232 seconds
  Import took 0.024605 seconds .

========================================================================
Received Prepare
Registering precompiled user dll's ...
Registered in 0.001330 seconds.
Begin MonoManager ReloadAssembly
Native extension for WindowsStandalone target not found
Refreshing native plugins compatible for Editor in 0.34 ms, found 1 plugins.
Preloading 0 native plugins for Editor in 0.00 ms.
Mono: successfully reloaded assembly
- Completed reload, in  1.284 seconds
Platform modules already initialized, skipping
Refreshing native plugins compatible for Editor in 0.33 ms, found 1 plugins.
Preloading 0 native plugins for Editor in 0.00 ms.
Unloading 1807 Unused Serialized files (Serialized files now loaded: 0)
System memory in use before: 91.0 MB.
System memory in use after: 91.0 MB.

Unloading 12 unused Assets to reduce memory usage. Loaded Objects now: 2335.
Total: 2.373200 ms (FindLiveObjects: 0.192700 ms CreateObjectMapping: 0.068200 ms MarkObjects: 1.717300 ms  DeleteObjects: 0.393900 ms)

========================================================================
Received Prepare
Registering precompiled user dll's ...
Registered in 0.001378 seconds.
Begin MonoManager ReloadAssembly
Native extension for WindowsStandalone target not found
Refreshing native plugins compatible for Editor in 0.60 ms, found 1 plugins.
Preloading 0 native plugins for Editor in 0.00 ms.
Mono: successfully reloaded assembly
- Completed reload, in  1.136 seconds
Platform modules already initialized, skipping
Refreshing native plugins compatible for Editor in 0.40 ms, found 1 plugins.
Preloading 0 native plugins for Editor in 0.00 ms.
Unloading 1807 Unused Serialized files (Serialized files now loaded: 0)
System memory in use before: 91.0 MB.
System memory in use after: 91.0 MB.

Unloading 12 unused Assets to reduce memory usage. Loaded Objects now: 2339.
Total: 2.744300 ms (FindLiveObjects: 0.353400 ms CreateObjectMapping: 0.103100 ms MarkObjects: 2.140300 ms  DeleteObjects: 0.146100 ms)

========================================================================
Received Prepare
Registering precompiled user dll's ...
Registered in 0.001325 seconds.
Begin MonoManager ReloadAssembly
Native extension for WindowsStandalone target not found
Refreshing native plugins compatible for Editor in 0.89 ms, found 1 plugins.
Preloading 0 native plugins for Editor in 0.00 ms.
Mono: successfully reloaded assembly
- Completed reload, in  1.245 seconds
Platform modules already initialized, skipping
Refreshing native plugins compatible for Editor in 0.33 ms, found 1 plugins.
Preloading 0 native plugins for Editor in 0.00 ms.
Unloading 1807 Unused Serialized files (Serialized files now loaded: 0)
System memory in use before: 91.0 MB.
System memory in use after: 91.0 MB.

Unloading 12 unused Assets to reduce memory usage. Loaded Objects now: 2343.
Total: 2.303700 ms (FindLiveObjects: 0.239200 ms CreateObjectMapping: 0.111200 ms MarkObjects: 1.791500 ms  DeleteObjects: 0.159600 ms)

========================================================================
Received Import Request.
  Time since last request: 595.918538 seconds.
  path: Assets/Money.prefab
  artifactKey: Guid(406cd438d2646b243b8c07caa3f358fe) Importer(815301076,1909f56bfc062723c751e8b465ee728b)
Start importing Assets/Money.prefab using Guid(406cd438d2646b243b8c07caa3f358fe) Importer(815301076,1909f56bfc062723c751e8b465ee728b)  -> (artifact id: '2c9ae0e99ce5cadc9293550fb20c9aa1') in 0.092586 seconds
  Import took 0.096452 seconds .

========================================================================
Received Import Request.
  Time since last request: 0.000397 seconds.
  path: Assets/Money.prefab
  artifactKey: Guid(406cd438d2646b243b8c07caa3f358fe) Importer(815301076,1909f56bfc062723c751e8b465ee728b)
Start importing Assets/Money.prefab using Guid(406cd438d2646b243b8c07caa3f358fe) Importer(815301076,1909f56bfc062723c751e8b465ee728b)  -> (artifact id: '2c9ae0e99ce5cadc9293550fb20c9aa1') in 0.013137 seconds
  Import took 0.016809 seconds .

========================================================================
Received Prepare
Registering precompiled user dll's ...
Registered in 0.001420 seconds.
Begin MonoManager ReloadAssembly
Native extension for WindowsStandalone target not found
Refreshing native plugins compatible for Editor in 0.36 ms, found 1 plugins.
Preloading 0 native plugins for Editor in 0.00 ms.
Mono: successfully reloaded assembly
- Completed reload, in  1.034 seconds
Platform modules already initialized, skipping
Refreshing native plugins compatible for Editor in 0.34 ms, found 1 plugins.
Preloading 0 native plugins for Editor in 0.00 ms.
Unloading 1807 Unused Serialized files (Serialized files now loaded: 0)
System memory in use before: 91.1 MB.
System memory in use after: 91.1 MB.

Unloading 12 unused Assets to reduce memory usage. Loaded Objects now: 2350.
Total: 2.325900 ms (FindLiveObjects: 0.352700 ms CreateObjectMapping: 0.079500 ms MarkObjects: 1.730600 ms  DeleteObjects: 0.161400 ms)

========================================================================
Received Prepare
Registering precompiled user dll's ...
Registered in 0.001671 seconds.
Begin MonoManager ReloadAssembly
Native extension for WindowsStandalone target not found
Refreshing native plugins compatible for Editor in 0.36 ms, found 1 plugins.
Preloading 0 native plugins for Editor in 0.00 ms.
Mono: successfully reloaded assembly
- Completed reload, in  1.108 seconds
Platform modules already initialized, skipping
Refreshing native plugins compatible for Editor in 0.33 ms, found 1 plugins.
Preloading 0 native plugins for Editor in 0.00 ms.
Unloading 1807 Unused Serialized files (Serialized files now loaded: 0)
System memory in use before: 91.1 MB.
System memory in use after: 91.1 MB.

Unloading 12 unused Assets to reduce memory usage. Loaded Objects now: 2354.
Total: 2.488000 ms (FindLiveObjects: 0.413000 ms CreateObjectMapping: 0.144200 ms MarkObjects: 1.751800 ms  DeleteObjects: 0.177100 ms)

========================================================================
Received Prepare
Registering precompiled user dll's ...
Registered in 0.001461 seconds.
Begin MonoManager ReloadAssembly
Native extension for WindowsStandalone target not found
Refreshing native plugins compatible for Editor in 0.37 ms, found 1 plugins.
Preloading 0 native plugins for Editor in 0.00 ms.
Mono: successfully reloaded assembly
- Completed reload, in  1.091 seconds
Platform modules already initialized, skipping
Refreshing native plugins compatible for Editor in 0.41 ms, found 1 plugins.
Preloading 0 native plugins for Editor in 0.00 ms.
Unloading 1807 Unused Serialized files (Serialized files now loaded: 0)
System memory in use before: 91.1 MB.
System memory in use after: 91.1 MB.

Unloading 12 unused Assets to reduce memory usage. Loaded Objects now: 2358.
Total: 2.212900 ms (FindLiveObjects: 0.233800 ms CreateObjectMapping: 0.073800 ms MarkObjects: 1.745200 ms  DeleteObjects: 0.157800 ms)

========================================================================
Received Prepare
Registering precompiled user dll's ...
Registered in 0.003453 seconds.
Begin MonoManager ReloadAssembly
Native extension for WindowsStandalone target not found
Refreshing native plugins compatible for Editor in 0.35 ms, found 1 plugins.
Preloading 0 native plugins for Editor in 0.00 ms.
Mono: successfully reloaded assembly
- Completed reload, in  1.246 seconds
Platform modules already initialized, skipping
Refreshing native plugins compatible for Editor in 0.46 ms, found 1 plugins.
Preloading 0 native plugins for Editor in 0.00 ms.
Unloading 1807 Unused Serialized files (Serialized files now loaded: 0)
System memory in use before: 91.2 MB.
System memory in use after: 91.1 MB.

Unloading 12 unused Assets to reduce memory usage. Loaded Objects now: 2362.
Total: 2.453900 ms (FindLiveObjects: 0.215400 ms CreateObjectMapping: 0.083100 ms MarkObjects: 2.005100 ms  DeleteObjects: 0.149100 ms)

========================================================================
Received Prepare
Registering precompiled user dll's ...
Registered in 0.001800 seconds.
Begin MonoManager ReloadAssembly
Native extension for WindowsStandalone target not found
Refreshing native plugins compatible for Editor in 0.37 ms, found 1 plugins.
Preloading 0 native plugins for Editor in 0.00 ms.
Mono: successfully reloaded assembly
- Completed reload, in  1.030 seconds
Platform modules already initialized, skipping
Refreshing native plugins compatible for Editor in 0.41 ms, found 1 plugins.
Preloading 0 native plugins for Editor in 0.00 ms.
Unloading 1807 Unused Serialized files (Serialized files now loaded: 0)
System memory in use before: 91.2 MB.
System memory in use after: 91.1 MB.

Unloading 12 unused Assets to reduce memory usage. Loaded Objects now: 2366.
Total: 2.587000 ms (FindLiveObjects: 0.223700 ms CreateObjectMapping: 0.131500 ms MarkObjects: 2.109900 ms  DeleteObjects: 0.120300 ms)

========================================================================
Received Prepare
Registering precompiled user dll's ...
Registered in 0.001836 seconds.
Begin MonoManager ReloadAssembly
Native extension for WindowsStandalone target not found
Refreshing native plugins compatible for Editor in 0.38 ms, found 1 plugins.
Preloading 0 native plugins for Editor in 0.00 ms.
Mono: successfully reloaded assembly
- Completed reload, in  1.127 seconds
Platform modules already initialized, skipping
Refreshing native plugins compatible for Editor in 0.45 ms, found 1 plugins.
Preloading 0 native plugins for Editor in 0.00 ms.
Unloading 1807 Unused Serialized files (Serialized files now loaded: 0)
System memory in use before: 91.2 MB.
System memory in use after: 91.2 MB.

Unloading 12 unused Assets to reduce memory usage. Loaded Objects now: 2370.
Total: 2.282400 ms (FindLiveObjects: 0.201900 ms CreateObjectMapping: 0.072100 ms MarkObjects: 1.858600 ms  DeleteObjects: 0.148600 ms)

========================================================================
Received Prepare
Registering precompiled user dll's ...
Registered in 0.001471 seconds.
Begin MonoManager ReloadAssembly
Native extension for WindowsStandalone target not found
Refreshing native plugins compatible for Editor in 0.39 ms, found 1 plugins.
Preloading 0 native plugins for Editor in 0.00 ms.
Mono: successfully reloaded assembly
- Completed reload, in  1.124 seconds
Platform modules already initialized, skipping
Refreshing native plugins compatible for Editor in 0.33 ms, found 1 plugins.
Preloading 0 native plugins for Editor in 0.00 ms.
Unloading 1807 Unused Serialized files (Serialized files now loaded: 0)
System memory in use before: 91.2 MB.
System memory in use after: 91.2 MB.

Unloading 12 unused Assets to reduce memory usage. Loaded Objects now: 2374.
Total: 2.173900 ms (FindLiveObjects: 0.234000 ms CreateObjectMapping: 0.101600 ms MarkObjects: 1.681200 ms  DeleteObjects: 0.155200 ms)

========================================================================
Received Prepare
Registering precompiled user dll's ...
Registered in 0.001543 seconds.
Begin MonoManager ReloadAssembly
Native extension for WindowsStandalone target not found
Refreshing native plugins compatible for Editor in 0.34 ms, found 1 plugins.
Preloading 0 native plugins for Editor in 0.00 ms.
Mono: successfully reloaded assembly
- Completed reload, in  0.955 seconds
Platform modules already initialized, skipping
Refreshing native plugins compatible for Editor in 0.33 ms, found 1 plugins.
Preloading 0 native plugins for Editor in 0.00 ms.
Unloading 1807 Unused Serialized files (Serialized files now loaded: 0)
System memory in use before: 91.2 MB.
System memory in use after: 91.2 MB.

Unloading 12 unused Assets to reduce memory usage. Loaded Objects now: 2378.
Total: 2.235600 ms (FindLiveObjects: 0.242900 ms CreateObjectMapping: 0.086000 ms MarkObjects: 1.746900 ms  DeleteObjects: 0.158400 ms)

========================================================================
Received Prepare
Registering precompiled user dll's ...
Registered in 0.001402 seconds.
Begin MonoManager ReloadAssembly
Native extension for WindowsStandalone target not found
Refreshing native plugins compatible for Editor in 0.39 ms, found 1 plugins.
Preloading 0 native plugins for Editor in 0.00 ms.
Mono: successfully reloaded assembly
- Completed reload, in  0.981 seconds
Platform modules already initialized, skipping
Refreshing native plugins compatible for Editor in 0.33 ms, found 1 plugins.
Preloading 0 native plugins for Editor in 0.00 ms.
Unloading 1807 Unused Serialized files (Serialized files now loaded: 0)
System memory in use before: 91.2 MB.
System memory in use after: 91.2 MB.

Unloading 12 unused Assets to reduce memory usage. Loaded Objects now: 2382.
Total: 2.458200 ms (FindLiveObjects: 0.215100 ms CreateObjectMapping: 0.106500 ms MarkObjects: 2.013900 ms  DeleteObjects: 0.121600 ms)

========================================================================
Received Prepare
Registering precompiled user dll's ...
Registered in 0.001350 seconds.
Begin MonoManager ReloadAssembly
Native extension for WindowsStandalone target not found
Refreshing native plugins compatible for Editor in 0.35 ms, found 1 plugins.
Preloading 0 native plugins for Editor in 0.00 ms.
Mono: successfully reloaded assembly
- Completed reload, in  1.087 seconds
Platform modules already initialized, skipping
Refreshing native plugins compatible for Editor in 0.33 ms, found 1 plugins.
Preloading 0 native plugins for Editor in 0.00 ms.
Unloading 1807 Unused Serialized files (Serialized files now loaded: 0)
System memory in use before: 91.2 MB.
System memory in use after: 91.2 MB.

Unloading 12 unused Assets to reduce memory usage. Loaded Objects now: 2386.
Total: 2.389600 ms (FindLiveObjects: 0.203500 ms CreateObjectMapping: 0.071800 ms MarkObjects: 1.962300 ms  DeleteObjects: 0.150700 ms)

========================================================================
Received Prepare
Registering precompiled user dll's ...
Registered in 0.001324 seconds.
Begin MonoManager ReloadAssembly
Native extension for WindowsStandalone target not found
Refreshing native plugins compatible for Editor in 0.36 ms, found 1 plugins.
Preloading 0 native plugins for Editor in 0.00 ms.
Mono: successfully reloaded assembly
- Completed reload, in  1.077 seconds
Platform modules already initialized, skipping
Refreshing native plugins compatible for Editor in 0.44 ms, found 1 plugins.
Preloading 0 native plugins for Editor in 0.00 ms.
Unloading 1807 Unused Serialized files (Serialized files now loaded: 0)
System memory in use before: 91.2 MB.
System memory in use after: 91.2 MB.

Unloading 12 unused Assets to reduce memory usage. Loaded Objects now: 2390.
Total: 2.309000 ms (FindLiveObjects: 0.222900 ms CreateObjectMapping: 0.082800 ms MarkObjects: 1.888700 ms  DeleteObjects: 0.113100 ms)

========================================================================
Received Prepare
Registering precompiled user dll's ...
Registered in 0.001450 seconds.
Begin MonoManager ReloadAssembly
Native extension for WindowsStandalone target not found
Refreshing native plugins compatible for Editor in 0.36 ms, found 1 plugins.
Preloading 0 native plugins for Editor in 0.00 ms.
Mono: successfully reloaded assembly
- Completed reload, in  0.956 seconds
Platform modules already initialized, skipping
Refreshing native plugins compatible for Editor in 0.35 ms, found 1 plugins.
Preloading 0 native plugins for Editor in 0.00 ms.
Unloading 1807 Unused Serialized files (Serialized files now loaded: 0)
System memory in use before: 91.2 MB.
System memory in use after: 91.2 MB.

Unloading 12 unused Assets to reduce memory usage. Loaded Objects now: 2394.
Total: 2.085600 ms (FindLiveObjects: 0.233000 ms CreateObjectMapping: 0.079300 ms MarkObjects: 1.638500 ms  DeleteObjects: 0.133300 ms)

========================================================================
Received Prepare
Registering precompiled user dll's ...
Registered in 0.001468 seconds.
Begin MonoManager ReloadAssembly
Native extension for WindowsStandalone target not found
Refreshing native plugins compatible for Editor in 0.45 ms, found 1 plugins.
Preloading 0 native plugins for Editor in 0.00 ms.
Mono: successfully reloaded assembly
- Completed reload, in  1.082 seconds
Platform modules already initialized, skipping
Refreshing native plugins compatible for Editor in 0.43 ms, found 1 plugins.
Preloading 0 native plugins for Editor in 0.00 ms.
Unloading 1807 Unused Serialized files (Serialized files now loaded: 0)
System memory in use before: 91.2 MB.
System memory in use after: 91.2 MB.

Unloading 12 unused Assets to reduce memory usage. Loaded Objects now: 2398.
Total: 2.423500 ms (FindLiveObjects: 0.349500 ms CreateObjectMapping: 0.119600 ms MarkObjects: 1.790600 ms  DeleteObjects: 0.162700 ms)

AssetImportWorkerClient::OnTransportError - code=2 error=End of file
